In file included from [01m[K/home/rim/can_ws/src/our_can_driver/src/can_driver.cpp:1[m[K:
[01m[K/home/rim/can_ws/src/our_can_driver/include/our_can_driver/can_driver.hpp:1:[m[K [01;31m[Kerror: [m[Kunterminated #ifndef
    1 | #ifndef OUR_CAN_DRIVER__CAN_DRIVER_HPP_
      | 
In file included from [01m[K/home/rim/can_ws/src/our_can_driver/src/wheel_odom.cpp:1[m[K:
[01m[K/home/rim/can_ws/src/our_can_driver/include/our_can_driver/wheel_odom.hpp:1:[m[K [01;31m[Kerror: [m[Kunterminated #ifndef
    1 | #ifndef OUR_CAN_DRIVER__WHEEL_ODOM_HPP_
      | 
[01m[K/home/rim/can_ws/src/our_can_driver/src/can_driver.cpp:5:1:[m[K [01;31m[Kerror: [m[Kexpected unqualified-id before ‘[01m[Knamespace[m[K’
    5 | [01;31m[Knamespace[m[K our_can_driver
      | [01;31m[K^~~~~~~~~[m[K
[01m[K/home/rim/can_ws/src/our_can_driver/src/can_driver.cpp:177:2:[m[K [01;31m[Kerror: [m[Kexpected ‘[01m[K}[m[K’ at end of input
  177 | }
      |  [01;31m[K^[m[K
In file included from [01m[K/home/rim/can_ws/src/our_can_driver/src/can_driver.cpp:1[m[K:
[01m[K/home/rim/can_ws/src/our_can_driver/include/our_can_driver/can_driver.hpp:25:1:[m[K [01;36m[Knote: [m[Kto match this ‘[01m[K{[m[K’
   25 | [01;36m[K{[m[K
      | [01;36m[K^[m[K
[01m[K/home/rim/can_ws/src/our_can_driver/src/can_driver.cpp:177:2:[m[K [01;31m[Kerror: [m[Kexpected unqualified-id at end of input
  177 | }
      |  [01;31m[K^[m[K
[01m[K/home/rim/can_ws/src/our_can_driver/src/can_driver.cpp:177:2:[m[K [01;31m[Kerror: [m[Kexpected ‘[01m[K}[m[K’ at end of input
In file included from [01m[K/home/rim/can_ws/src/our_can_driver/src/can_driver.cpp:1[m[K:
[01m[K/home/rim/can_ws/src/our_can_driver/include/our_can_driver/can_driver.hpp:15:1:[m[K [01;36m[Knote: [m[Kto match this ‘[01m[K{[m[K’
   15 | [01;36m[K{[m[K
      | [01;36m[K^[m[K
In file included from [01m[K/home/rim/can_ws/src/our_can_driver/src/wheel_odom.cpp:1[m[K:
[01m[K/home/rim/can_ws/src/our_can_driver/include/our_can_driver/wheel_odom.hpp:47:42:[m[K [01;31m[Kerror: [m[K‘[01m[KJ[m[K’ is not a member of ‘[01m[Ksensor_msgs::msg[m[K’
   47 |   rclcpp::Subscription<sensor_msgs::msg::[01;31m[KJ[m[K
      |                                          [01;31m[K^[m[K
[01m[K/home/rim/can_ws/src/our_can_driver/src/wheel_odom.cpp:4:11:[m[K [01;31m[Kerror: [m[Ktemplate argument 1 is invalid
    4 | namespace [01;31m[Kour_can_driver[m[K
      |           [01;31m[K^~~~~~~~~~~~~~[m[K
[01m[K/home/rim/can_ws/src/our_can_driver/src/wheel_odom.cpp:4:11:[m[K [01;31m[Kerror: [m[Ktemplate argument 3 is invalid
[01m[K/home/rim/can_ws/src/our_can_driver/src/wheel_odom.cpp:4:11:[m[K [01;31m[Kerror: [m[Ktemplate argument 4 is invalid
[01m[K/home/rim/can_ws/src/our_can_driver/src/wheel_odom.cpp:4:11:[m[K [01;31m[Kerror: [m[Ktemplate argument 5 is invalid
[01m[K/home/rim/can_ws/src/our_can_driver/src/wheel_odom.cpp:5:1:[m[K [01;31m[Kerror: [m[Kexpected unqualified-id before ‘[01m[K{[m[K’ token
    5 | [01;31m[K{[m[K
      | [01;31m[K^[m[K
[01m[K/home/rim/can_ws/src/our_can_driver/src/wheel_odom.cpp:102:2:[m[K [01;31m[Kerror: [m[Kexpected ‘[01m[K}[m[K’ at end of input
  102 | }
      |  [01;31m[K^[m[K
In file included from [01m[K/home/rim/can_ws/src/our_can_driver/src/wheel_odom.cpp:1[m[K:
[01m[K/home/rim/can_ws/src/our_can_driver/include/our_can_driver/wheel_odom.hpp:22:1:[m[K [01;36m[Knote: [m[Kto match this ‘[01m[K{[m[K’
   22 | [01;36m[K{[m[K
      | [01;36m[K^[m[K
[01m[K/home/rim/can_ws/src/our_can_driver/src/wheel_odom.cpp:102:2:[m[K [01;31m[Kerror: [m[Kexpected unqualified-id at end of input
  102 | }
      |  [01;31m[K^[m[K
[01m[K/home/rim/can_ws/src/our_can_driver/src/wheel_odom.cpp:102:2:[m[K [01;31m[Kerror: [m[Kexpected ‘[01m[K}[m[K’ at end of input
In file included from [01m[K/home/rim/can_ws/src/our_can_driver/src/wheel_odom.cpp:1[m[K:
[01m[K/home/rim/can_ws/src/our_can_driver/include/our_can_driver/wheel_odom.hpp:11:1:[m[K [01;36m[Knote: [m[Kto match this ‘[01m[K{[m[K’
   11 | [01;36m[K{[m[K
      | [01;36m[K^[m[K
gmake[2]: *** [CMakeFiles/can_driver_node.dir/build.make:76: CMakeFiles/can_driver_node.dir/src/can_driver.cpp.o] Error 1
gmake[1]: *** [CMakeFiles/Makefile2:139: CMakeFiles/can_driver_node.dir/all] Error 2
gmake[1]: *** Waiting for unfinished jobs....
gmake[2]: *** [CMakeFiles/wheel_odom_node.dir/build.make:76: CMakeFiles/wheel_odom_node.dir/src/wheel_odom.cpp.o] Error 1
gmake[1]: *** [CMakeFiles/Makefile2:165: CMakeFiles/wheel_odom_node.dir/all] Error 2
gmake: *** [Makefile:146: all] Error 2
