-- The C compiler identification is GNU 12.3.0
-- The CXX compiler identification is GNU 11.4.0
-- Detecting C compiler ABI info
-- Detecting C compiler ABI info - done
-- Check for working C compiler: /usr/bin/cc - skipped
-- Detecting C compile features
-- Detecting C compile features - done
-- Detecting CXX compiler ABI info
-- Detecting CXX compiler ABI info - done
-- Check for working CXX compiler: /usr/bin/c++ - skipped
-- Detecting CXX compile features
-- Detecting CXX compile features - done
-- Found ament_cmake: 1.3.14 (/opt/ros/humble/share/ament_cmake/cmake)
-- Found Python3: /usr/bin/python3 (found version "3.10.12") found components: Interpreter 
-- Found rclcpp: 16.0.18 (/opt/ros/humble/share/rclcpp/cmake)
-- Found rosidl_generator_c: 3.1.8 (/opt/ros/humble/share/rosidl_generator_c/cmake)
-- Found rosidl_adapter: 3.1.8 (/opt/ros/humble/share/rosidl_adapter/cmake)
-- Found rosidl_generator_cpp: 3.1.8 (/opt/ros/humble/share/rosidl_generator_cpp/cmake)
-- Using all available rosidl_typesupport_c: rosidl_typesupport_fastrtps_c;rosidl_typesupport_introspection_c
-- Using all available rosidl_typesupport_cpp: rosidl_typesupport_fastrtps_cpp;rosidl_typesupport_introspection_cpp
-- Found rmw_implementation_cmake: 6.1.2 (/opt/ros/humble/share/rmw_implementation_cmake/cmake)
-- Found rmw_fastrtps_cpp: 6.2.10 (/opt/ros/humble/share/rmw_fastrtps_cpp/cmake)
-- Found OpenSSL: /usr/lib/x86_64-linux-gnu/libcrypto.so (found version "3.0.2")  
-- Found FastRTPS: /opt/ros/humble/include  
-- Using RMW implementation 'rmw_fastrtps_cpp' as default
-- Looking for pthread.h
-- Looking for pthread.h - found
-- Performing Test CMAKE_HAVE_LIBC_PTHREAD
-- Performing Test CMAKE_HAVE_LIBC_PTHREAD - Success
-- Found Threads: TRUE  
-- Found geometry_msgs: 4.9.1 (/opt/ros/humble/share/geometry_msgs/cmake)
-- Found sensor_msgs: 4.9.1 (/opt/ros/humble/share/sensor_msgs/cmake)
-- Found nav_msgs: 4.9.1 (/opt/ros/humble/share/nav_msgs/cmake)
-- Found tf2: 0.25.19 (/opt/ros/humble/share/tf2/cmake)
-- Found tf2_ros: 0.25.19 (/opt/ros/humble/share/tf2_ros/cmake)
-- Configuring done
-- Generating done
-- Build files have been written to: /home/rim/can_ws/build/our_can_driver
[ 25%] [32mBuilding CXX object CMakeFiles/can_driver_node.dir/src/can_driver.cpp.o[0m
[ 50%] [32mBuilding CXX object CMakeFiles/wheel_odom_node.dir/src/wheel_odom.cpp.o[0m
In file included from [01m[K/home/rim/can_ws/src/our_can_driver/src/can_driver.cpp:1[m[K:
[01m[K/home/rim/can_ws/src/our_can_driver/include/our_can_driver/can_driver.hpp:1:[m[K [01;31m[Kerror: [m[Kunterminated #ifndef
    1 | #ifndef OUR_CAN_DRIVER__CAN_DRIVER_HPP_
      | 
In file included from [01m[K/home/rim/can_ws/src/our_can_driver/src/wheel_odom.cpp:1[m[K:
[01m[K/home/rim/can_ws/src/our_can_driver/include/our_can_driver/wheel_odom.hpp:1:[m[K [01;31m[Kerror: [m[Kunterminated #ifndef
    1 | #ifndef OUR_CAN_DRIVER__WHEEL_ODOM_HPP_
      | 
[01m[K/home/rim/can_ws/src/our_can_driver/src/can_driver.cpp:5:1:[m[K [01;31m[Kerror: [m[Kexpected unqualified-id before ‘[01m[Knamespace[m[K’
    5 | [01;31m[Knamespace[m[K our_can_driver
      | [01;31m[K^~~~~~~~~[m[K
[01m[K/home/rim/can_ws/src/our_can_driver/src/can_driver.cpp:177:2:[m[K [01;31m[Kerror: [m[Kexpected ‘[01m[K}[m[K’ at end of input
  177 | }
      |  [01;31m[K^[m[K
In file included from [01m[K/home/rim/can_ws/src/our_can_driver/src/can_driver.cpp:1[m[K:
[01m[K/home/rim/can_ws/src/our_can_driver/include/our_can_driver/can_driver.hpp:25:1:[m[K [01;36m[Knote: [m[Kto match this ‘[01m[K{[m[K’
   25 | [01;36m[K{[m[K
      | [01;36m[K^[m[K
[01m[K/home/rim/can_ws/src/our_can_driver/src/can_driver.cpp:177:2:[m[K [01;31m[Kerror: [m[Kexpected unqualified-id at end of input
  177 | }
      |  [01;31m[K^[m[K
[01m[K/home/rim/can_ws/src/our_can_driver/src/can_driver.cpp:177:2:[m[K [01;31m[Kerror: [m[Kexpected ‘[01m[K}[m[K’ at end of input
In file included from [01m[K/home/rim/can_ws/src/our_can_driver/src/can_driver.cpp:1[m[K:
[01m[K/home/rim/can_ws/src/our_can_driver/include/our_can_driver/can_driver.hpp:15:1:[m[K [01;36m[Knote: [m[Kto match this ‘[01m[K{[m[K’
   15 | [01;36m[K{[m[K
      | [01;36m[K^[m[K
In file included from [01m[K/home/rim/can_ws/src/our_can_driver/src/wheel_odom.cpp:1[m[K:
[01m[K/home/rim/can_ws/src/our_can_driver/include/our_can_driver/wheel_odom.hpp:47:42:[m[K [01;31m[Kerror: [m[K‘[01m[KJ[m[K’ is not a member of ‘[01m[Ksensor_msgs::msg[m[K’
   47 |   rclcpp::Subscription<sensor_msgs::msg::[01;31m[KJ[m[K
      |                                          [01;31m[K^[m[K
[01m[K/home/rim/can_ws/src/our_can_driver/src/wheel_odom.cpp:4:11:[m[K [01;31m[Kerror: [m[Ktemplate argument 1 is invalid
    4 | namespace [01;31m[Kour_can_driver[m[K
      |           [01;31m[K^~~~~~~~~~~~~~[m[K
[01m[K/home/rim/can_ws/src/our_can_driver/src/wheel_odom.cpp:4:11:[m[K [01;31m[Kerror: [m[Ktemplate argument 3 is invalid
[01m[K/home/rim/can_ws/src/our_can_driver/src/wheel_odom.cpp:4:11:[m[K [01;31m[Kerror: [m[Ktemplate argument 4 is invalid
[01m[K/home/rim/can_ws/src/our_can_driver/src/wheel_odom.cpp:4:11:[m[K [01;31m[Kerror: [m[Ktemplate argument 5 is invalid
[01m[K/home/rim/can_ws/src/our_can_driver/src/wheel_odom.cpp:5:1:[m[K [01;31m[Kerror: [m[Kexpected unqualified-id before ‘[01m[K{[m[K’ token
    5 | [01;31m[K{[m[K
      | [01;31m[K^[m[K
[01m[K/home/rim/can_ws/src/our_can_driver/src/wheel_odom.cpp:102:2:[m[K [01;31m[Kerror: [m[Kexpected ‘[01m[K}[m[K’ at end of input
  102 | }
      |  [01;31m[K^[m[K
In file included from [01m[K/home/rim/can_ws/src/our_can_driver/src/wheel_odom.cpp:1[m[K:
[01m[K/home/rim/can_ws/src/our_can_driver/include/our_can_driver/wheel_odom.hpp:22:1:[m[K [01;36m[Knote: [m[Kto match this ‘[01m[K{[m[K’
   22 | [01;36m[K{[m[K
      | [01;36m[K^[m[K
[01m[K/home/rim/can_ws/src/our_can_driver/src/wheel_odom.cpp:102:2:[m[K [01;31m[Kerror: [m[Kexpected unqualified-id at end of input
  102 | }
      |  [01;31m[K^[m[K
[01m[K/home/rim/can_ws/src/our_can_driver/src/wheel_odom.cpp:102:2:[m[K [01;31m[Kerror: [m[Kexpected ‘[01m[K}[m[K’ at end of input
In file included from [01m[K/home/rim/can_ws/src/our_can_driver/src/wheel_odom.cpp:1[m[K:
[01m[K/home/rim/can_ws/src/our_can_driver/include/our_can_driver/wheel_odom.hpp:11:1:[m[K [01;36m[Knote: [m[Kto match this ‘[01m[K{[m[K’
   11 | [01;36m[K{[m[K
      | [01;36m[K^[m[K
gmake[2]: *** [CMakeFiles/can_driver_node.dir/build.make:76: CMakeFiles/can_driver_node.dir/src/can_driver.cpp.o] Error 1
gmake[1]: *** [CMakeFiles/Makefile2:139: CMakeFiles/can_driver_node.dir/all] Error 2
gmake[1]: *** Waiting for unfinished jobs....
gmake[2]: *** [CMakeFiles/wheel_odom_node.dir/build.make:76: CMakeFiles/wheel_odom_node.dir/src/wheel_odom.cpp.o] Error 1
gmake[1]: *** [CMakeFiles/Makefile2:165: CMakeFiles/wheel_odom_node.dir/all] Error 2
gmake: *** [Makefile:146: all] Error 2
