-- Found ament_cmake: 1.3.14 (/opt/ros/humble/share/ament_cmake/cmake)
-- Found rclcpp: 16.0.18 (/opt/ros/humble/share/rclcpp/cmake)
-- Found rosidl_generator_c: 3.1.8 (/opt/ros/humble/share/rosidl_generator_c/cmake)
-- Found rosidl_adapter: 3.1.8 (/opt/ros/humble/share/rosidl_adapter/cmake)
-- Found rosidl_generator_cpp: 3.1.8 (/opt/ros/humble/share/rosidl_generator_cpp/cmake)
-- Using all available rosidl_typesupport_c: rosidl_typesupport_fastrtps_c;rosidl_typesupport_introspection_c
-- Using all available rosidl_typesupport_cpp: rosidl_typesupport_fastrtps_cpp;rosidl_typesupport_introspection_cpp
-- Found rmw_implementation_cmake: 6.1.2 (/opt/ros/humble/share/rmw_implementation_cmake/cmake)
-- Found rmw_fastrtps_cpp: 6.2.10 (/opt/ros/humble/share/rmw_fastrtps_cpp/cmake)
-- Using RMW implementation 'rmw_fastrtps_cpp' as default
-- Found geometry_msgs: 4.9.1 (/opt/ros/humble/share/geometry_msgs/cmake)
-- Found sensor_msgs: 4.9.1 (/opt/ros/humble/share/sensor_msgs/cmake)
-- Found joy: 3.3.0 (/opt/ros/humble/share/joy/cmake)
-- Found nav_msgs: 4.9.1 (/opt/ros/humble/share/nav_msgs/cmake)
-- Found tf2: 0.25.19 (/opt/ros/humble/share/tf2/cmake)
-- Found tf2_ros: 0.25.19 (/opt/ros/humble/share/tf2_ros/cmake)
-- Configuring done
-- Generating done
-- Build files have been written to: /home/rim/can_ws/build/our_can_driver
[35m[1mConsolidate compiler generated dependencies of target can_driver_node[0m
[35m[1mConsolidate compiler generated dependencies of target wheel_odom_node[0m
[ 25%] [32mBuilding CXX object CMakeFiles/can_driver_node.dir/src/can_driver.cpp.o[0m
[ 75%] Built target wheel_odom_node
[100%] [32m[1mLinking CXX executable can_driver_node[0m
[100%] Built target can_driver_node
-- Install configuration: ""
-- Installing: /home/rim/can_ws/install/our_can_driver/lib/our_can_driver/can_driver_node
-- Set runtime path of "/home/rim/can_ws/install/our_can_driver/lib/our_can_driver/can_driver_node" to ""
-- Up-to-date: /home/rim/can_ws/install/our_can_driver/lib/our_can_driver/wheel_odom_node
-- Up-to-date: /home/rim/can_ws/install/our_can_driver/include
-- Up-to-date: /home/rim/can_ws/install/our_can_driver/include/our_can_driver
-- Installing: /home/rim/can_ws/install/our_can_driver/include/our_can_driver/can_driver.hpp
-- Up-to-date: /home/rim/can_ws/install/our_can_driver/include/our_can_driver/wheel_odom.hpp
-- Installing: /home/rim/can_ws/install/our_can_driver/share/ament_index/resource_index/package_run_dependencies/our_can_driver
-- Installing: /home/rim/can_ws/install/our_can_driver/share/ament_index/resource_index/parent_prefix_path/our_can_driver
-- Up-to-date: /home/rim/can_ws/install/our_can_driver/share/our_can_driver/environment/ament_prefix_path.sh
-- Installing: /home/rim/can_ws/install/our_can_driver/share/our_can_driver/environment/ament_prefix_path.dsv
-- Up-to-date: /home/rim/can_ws/install/our_can_driver/share/our_can_driver/environment/path.sh
-- Installing: /home/rim/can_ws/install/our_can_driver/share/our_can_driver/environment/path.dsv
-- Up-to-date: /home/rim/can_ws/install/our_can_driver/share/our_can_driver/local_setup.bash
-- Up-to-date: /home/rim/can_ws/install/our_can_driver/share/our_can_driver/local_setup.sh
-- Up-to-date: /home/rim/can_ws/install/our_can_driver/share/our_can_driver/local_setup.zsh
-- Installing: /home/rim/can_ws/install/our_can_driver/share/our_can_driver/local_setup.dsv
-- Installing: /home/rim/can_ws/install/our_can_driver/share/our_can_driver/package.dsv
-- Up-to-date: /home/rim/can_ws/install/our_can_driver/share/ament_index/resource_index/packages/our_can_driver
-- Up-to-date: /home/rim/can_ws/install/our_can_driver/share/our_can_driver/cmake/our_can_driverConfig.cmake
-- Up-to-date: /home/rim/can_ws/install/our_can_driver/share/our_can_driver/cmake/our_can_driverConfig-version.cmake
-- Installing: /home/rim/can_ws/install/our_can_driver/share/our_can_driver/package.xml
