[0.009s] Invoking command in '/home/rim/can_ws/build/our_can_driver': CMAKE_PREFIX_PATH=/opt/ros/humble /usr/bin/cmake --build /home/rim/can_ws/build/our_can_driver -- -j28 -l28
[0.056s] -- Found ament_cmake: 1.3.14 (/opt/ros/humble/share/ament_cmake/cmake)
[0.169s] -- Found rclcpp: 16.0.18 (/opt/ros/humble/share/rclcpp/cmake)
[0.192s] -- Found rosidl_generator_c: 3.1.8 (/opt/ros/humble/share/rosidl_generator_c/cmake)
[0.194s] -- Found rosidl_adapter: 3.1.8 (/opt/ros/humble/share/rosidl_adapter/cmake)
[0.199s] -- Found rosidl_generator_cpp: 3.1.8 (/opt/ros/humble/share/rosidl_generator_cpp/cmake)
[0.206s] -- Using all available rosidl_typesupport_c: rosidl_typesupport_fastrtps_c;rosidl_typesupport_introspection_c
[0.215s] -- Using all available rosidl_typesupport_cpp: rosidl_typesupport_fastrtps_cpp;rosidl_typesupport_introspection_cpp
[0.241s] -- Found rmw_implementation_cmake: 6.1.2 (/opt/ros/humble/share/rmw_implementation_cmake/cmake)
[0.242s] -- Found rmw_fastrtps_cpp: 6.2.10 (/opt/ros/humble/share/rmw_fastrtps_cpp/cmake)
[0.317s] -- Using RMW implementation 'rmw_fastrtps_cpp' as default
[0.355s] -- Found geometry_msgs: 4.9.1 (/opt/ros/humble/share/geometry_msgs/cmake)
[0.364s] -- Found sensor_msgs: 4.9.1 (/opt/ros/humble/share/sensor_msgs/cmake)
[0.377s] -- Found joy: 3.3.0 (/opt/ros/humble/share/joy/cmake)
[0.382s] -- Found nav_msgs: 4.9.1 (/opt/ros/humble/share/nav_msgs/cmake)
[0.395s] -- Found tf2: 0.25.19 (/opt/ros/humble/share/tf2/cmake)
[0.398s] -- Found tf2_ros: 0.25.19 (/opt/ros/humble/share/tf2_ros/cmake)
[0.504s] -- Configuring done
[0.515s] -- Generating done
[0.519s] -- Build files have been written to: /home/rim/can_ws/build/our_can_driver
[0.544s] [35m[1mConsolidate compiler generated dependencies of target can_driver_node[0m
[0.545s] [35m[1mConsolidate compiler generated dependencies of target wheel_odom_node[0m
[0.567s] [ 25%] [32mBuilding CXX object CMakeFiles/can_driver_node.dir/src/can_driver.cpp.o[0m
[0.569s] [ 75%] Built target wheel_odom_node
[7.487s] [100%] [32m[1mLinking CXX executable can_driver_node[0m
[7.881s] [100%] Built target can_driver_node
[7.892s] Invoked command in '/home/rim/can_ws/build/our_can_driver' returned '0': CMAKE_PREFIX_PATH=/opt/ros/humble /usr/bin/cmake --build /home/rim/can_ws/build/our_can_driver -- -j28 -l28
[7.904s] Invoking command in '/home/rim/can_ws/build/our_can_driver': CMAKE_PREFIX_PATH=/opt/ros/humble /usr/bin/cmake --install /home/rim/can_ws/build/our_can_driver
[7.914s] -- Install configuration: ""
[7.916s] -- Installing: /home/rim/can_ws/install/our_can_driver/lib/our_can_driver/can_driver_node
[7.920s] -- Set runtime path of "/home/rim/can_ws/install/our_can_driver/lib/our_can_driver/can_driver_node" to ""
[7.921s] -- Up-to-date: /home/rim/can_ws/install/our_can_driver/lib/our_can_driver/wheel_odom_node
[7.921s] -- Up-to-date: /home/rim/can_ws/install/our_can_driver/include
[7.922s] -- Up-to-date: /home/rim/can_ws/install/our_can_driver/include/our_can_driver
[7.922s] -- Installing: /home/rim/can_ws/install/our_can_driver/include/our_can_driver/can_driver.hpp
[7.922s] -- Up-to-date: /home/rim/can_ws/install/our_can_driver/include/our_can_driver/wheel_odom.hpp
[7.923s] -- Installing: /home/rim/can_ws/install/our_can_driver/share/ament_index/resource_index/package_run_dependencies/our_can_driver
[7.923s] -- Installing: /home/rim/can_ws/install/our_can_driver/share/ament_index/resource_index/parent_prefix_path/our_can_driver
[7.923s] -- Up-to-date: /home/rim/can_ws/install/our_can_driver/share/our_can_driver/environment/ament_prefix_path.sh
[7.923s] -- Installing: /home/rim/can_ws/install/our_can_driver/share/our_can_driver/environment/ament_prefix_path.dsv
[7.923s] -- Up-to-date: /home/rim/can_ws/install/our_can_driver/share/our_can_driver/environment/path.sh
[7.923s] -- Installing: /home/rim/can_ws/install/our_can_driver/share/our_can_driver/environment/path.dsv
[7.923s] -- Up-to-date: /home/rim/can_ws/install/our_can_driver/share/our_can_driver/local_setup.bash
[7.923s] -- Up-to-date: /home/rim/can_ws/install/our_can_driver/share/our_can_driver/local_setup.sh
[7.923s] -- Up-to-date: /home/rim/can_ws/install/our_can_driver/share/our_can_driver/local_setup.zsh
[7.923s] -- Installing: /home/rim/can_ws/install/our_can_driver/share/our_can_driver/local_setup.dsv
[7.923s] -- Installing: /home/rim/can_ws/install/our_can_driver/share/our_can_driver/package.dsv
[7.923s] -- Up-to-date: /home/rim/can_ws/install/our_can_driver/share/ament_index/resource_index/packages/our_can_driver
[7.923s] -- Up-to-date: /home/rim/can_ws/install/our_can_driver/share/our_can_driver/cmake/our_can_driverConfig.cmake
[7.923s] -- Up-to-date: /home/rim/can_ws/install/our_can_driver/share/our_can_driver/cmake/our_can_driverConfig-version.cmake
[7.924s] -- Installing: /home/rim/can_ws/install/our_can_driver/share/our_can_driver/package.xml
[7.925s] Invoked command in '/home/rim/can_ws/build/our_can_driver' returned '0': CMAKE_PREFIX_PATH=/opt/ros/humble /usr/bin/cmake --install /home/rim/can_ws/build/our_can_driver
